<?xml version="1.0" encoding="utf-8"?><testsuites name="pytest tests"><testsuite name="pytest" errors="0" failures="0" skipped="0" tests="12" time="6.236" timestamp="2026-04-30T14:07:27.063844+00:00" hostname="agent-env-449ba4ec-4d5e-4307-8375-8408172fc822"><testcase classname="backend.tests.backend_test" name="test_bankroll_default" time="0.314" /><testcase classname="backend.tests.backend_test" name="test_bankroll_put_resets" time="0.048" /><testcase classname="backend.tests.backend_test" name="test_bankroll_reset_wipes_open" time="0.710" /><testcase classname="backend.tests.backend_test" name="test_portfolio_buy_deducts_bankroll_and_source" time="0.276" /><testcase classname="backend.tests.backend_test" name="test_portfolio_buy_insufficient_balance" time="0.283" /><testcase classname="backend.tests.backend_test" name="test_portfolio_close_credits_bankroll" time="0.368" /><testcase classname="backend.tests.backend_test" name="test_partial_close_tp1" time="0.203" /><testcase classname="backend.tests.backend_test" name="test_portfolio_stats_new_fields" time="0.057" /><testcase classname="backend.tests.backend_test" name="test_trade_log" time="0.069" /><testcase classname="backend.tests.backend_test" name="test_engine_status" time="0.051" /><testcase classname="backend.tests.backend_test" name="test_settings_auto_snipe_fields_and_event" time="3.394" /><testcase classname="backend.tests.backend_test" name="test_disable_auto_snipe_stops" time="0.210" /></testsuite></testsuites>