<?xml version="1.0" encoding="utf-8"?><testsuites name="pytest tests"><testsuite name="pytest" errors="0" failures="0" skipped="0" tests="37" time="23.637" timestamp="2026-04-30T20:26:59.618307+00:00" hostname="agent-env-449ba4ec-4d5e-4307-8375-8408172fc822"><testcase classname="backend.tests.test_v3_portfolio" name="test_stats_timeframe_24h" time="0.152" /><testcase classname="backend.tests.test_v3_portfolio" name="test_stats_timeframe_7d" time="0.051" /><testcase classname="backend.tests.test_v3_portfolio" name="test_stats_timeframe_all_has_new_fields" time="0.049" /><testcase classname="backend.tests.test_v3_portfolio" name="test_equity_history_returns_points" time="0.053" /><testcase classname="backend.tests.test_v3_portfolio" name="test_equity_history_24h" time="0.053" /><testcase classname="backend.tests.test_v3_portfolio" name="test_export_csv_headers_and_content_type" time="0.060" /><testcase classname="backend.tests.test_v3_portfolio" name="test_settings_paper_mode_field_default_true" time="0.099" /><testcase classname="backend.tests.test_v3_portfolio" name="test_settings_paper_mode_can_toggle_false" time="0.151" /><testcase classname="backend.tests.backend_test" name="test_root" time="0.111" /><testcase classname="backend.tests.backend_test" name="test_tokens_live_default" time="0.507" /><testcase classname="backend.tests.backend_test" name="test_tokens_live_sorts[score]" time="0.051" /><testcase classname="backend.tests.backend_test" name="test_tokens_live_sorts[age]" time="0.052" /><testcase classname="backend.tests.backend_test" name="test_tokens_live_sorts[volume]" time="0.050" /><testcase classname="backend.tests.backend_test" name="test_tokens_live_sorts[mc]" time="0.049" /><testcase classname="backend.tests.backend_test" name="test_tokens_live_sorts[change_24h]" time="0.056" /><testcase classname="backend.tests.backend_test" name="test_tokens_live_filters" time="0.052" /><testcase classname="backend.tests.backend_test" name="test_token_detail" time="0.258" /><testcase classname="backend.tests.backend_test" name="test_ticker" time="0.054" /><testcase classname="backend.tests.backend_test" name="test_kols_seed" time="0.052" /><testcase classname="backend.tests.backend_test" name="test_kol_add_dup_delete" time="0.164" /><testcase classname="backend.tests.backend_test" name="test_kols_calls" time="0.054" /><testcase classname="backend.tests.backend_test" name="test_narratives" time="0.055" /><testcase classname="backend.tests.backend_test" name="test_portfolio_flow" time="0.348" /><testcase classname="backend.tests.backend_test" name="test_alerts_crud" time="0.165" /><testcase classname="backend.tests.backend_test" name="test_settings" time="0.099" /><testcase classname="backend.tests.backend_test" name="test_bankroll_default" time="0.148" /><testcase classname="backend.tests.backend_test" name="test_bankroll_put_resets" time="0.054" /><testcase classname="backend.tests.backend_test" name="test_bankroll_reset_wipes_open" time="0.300" /><testcase classname="backend.tests.backend_test" name="test_portfolio_buy_deducts_bankroll_and_source" time="0.272" /><testcase classname="backend.tests.backend_test" name="test_portfolio_buy_insufficient_balance" time="0.264" /><testcase classname="backend.tests.backend_test" name="test_portfolio_close_credits_bankroll" time="0.330" /><testcase classname="backend.tests.backend_test" name="test_partial_close_tp1" time="0.242" /><testcase classname="backend.tests.backend_test" name="test_portfolio_stats_new_fields" time="0.124" /><testcase classname="backend.tests.backend_test" name="test_trade_log" time="0.058" /><testcase classname="backend.tests.backend_test" name="test_engine_status" time="0.049" /><testcase classname="backend.tests.backend_test" name="test_settings_auto_snipe_fields_and_event" time="18.664" /><testcase classname="backend.tests.backend_test" name="test_disable_auto_snipe_stops" time="0.204" /></testsuite></testsuites>